[debug] > Exec(early(addDefaultCommands), None, None)
[debug] > Exec(addDefaultCommands, None, None)
[debug] > Exec(early(initialize), None, None)
[debug] > Exec(initialize, None, None)
[debug] > Exec(early(addPluginSbtFile="""C:\Users\user\AppData\Local\Temp\idea.sbt"""), None, None)
[debug] > Exec(addPluginSbtFile="""C:\Users\user\AppData\Local\Temp\idea.sbt""", None, None)
[debug] > Exec(boot, None, None)
[debug] > Exec(writeSbtVersion, None, None)
[debug] > Exec(reload, None, None)
[debug] > Exec(sbtStashOnFailure, None, None)
[debug] > Exec(onFailure loadFailed, None, None)
[debug] > Exec(loadp, None, None)
[info] welcome to sbt 1.4.0 (Oracle Corporation Java 14.0.2)
[debug]       Load.loadUnit: plugins took 260.3685ms
[debug]       Load.loadUnit: defsScala took 0.5426ms
[debug] [Loading] Scanning directory C:\Users\user\.sbt\1.0\plugins
[debug] [Loading] Found non-root projects 
[debug] [Loading] Done in C:\Users\user\.sbt\1.0\plugins, returning: ()
[debug] deducing auto plugins based on known facts Set(Atom(sbt.plugins.CorePlugin)) and clauses Clauses(List(Clause(Atom(sbt.plugins.JvmPlugin),Set(Atom(sbt.plugins.IvyPlugin))), Clause(Atom(sbt.ScriptedPlugin),Set(Atom(sbt.plugins.JvmPlugin))), Clause(Atom(sbt.plugins.SbtPlugin),Set(Atom(sbt.ScriptedPlugin))), Clause(Atom(sbt.plugins.SemanticdbPlugin),Set(Atom(sbt.plugins.JvmPlugin))), Clause(Atom(sbt.plugins.JUnitXmlReportPlugin),Set(Atom(sbt.plugins.JvmPlugin))), Clause(Atom(sbt.plugins.MiniDependencyTreePlugin),Set(Atom(sbt.plugins.JvmPlugin))), Clause(Atom(sbt.plugins.CorePlugin),Set(Atom(sbt.plugins.IvyPlugin))), Clause(Atom(sbt.plugins.IvyPlugin),Set(Atom(sbt.plugins.JvmPlugin))), Clause(Atom(sbt.plugins.JvmPlugin),Set(Atom(sbt.plugins.SemanticdbPlugin))), Clause(Atom(sbt.plugins.JvmPlugin),Set(Atom(sbt.plugins.JUnitXmlReportPlugin))), Clause(Atom(sbt.plugins.CorePlugin),Set(Atom(sbt.plugins.Giter8TemplatePlugin))), Clause(Atom(sbt.plugins.JvmPlugin),Set(Atom(sbt.plugins.MiniDependencyTreePlugin)))))
[debug]   :: deduced result: Matched(sbt.plugins.CorePlugin,sbt.plugins.Giter8TemplatePlugin,sbt.plugins.IvyPlugin,sbt.plugins.JvmPlugin,sbt.plugins.MiniDependencyTreePlugin,sbt.plugins.JUnitXmlReportPlugin,sbt.plugins.SemanticdbPlugin)
[debug] Plugins.deducer#function took 43.6609 ms
[debug]           Load.resolveProject(global-plugins) took 98.7862ms
[debug]         Load.loadTransitive: finalizeProject(Project(id global-plugins, base: C:\Users\user\.sbt\1.0\plugins, plugins: List(<none>))) took 192.3247ms
[debug] [Loading] Done in C:\Users\user\.sbt\1.0\plugins, returning: (global-plugins)
[debug]       Load.loadUnit: loadedProjectsRaw took 231.5075ms
[debug]       Load.loadUnit: cleanEvalClasses took 0.474ms
[debug]     Load.loadUnit(file:/C:/Users/user/.sbt/1.0/plugins/, ...) took 507.8131ms
[debug]   Load.apply: load took 900.3303ms
[debug]   Load.apply: resolveProjects took 10.4932ms
[debug]   Load.apply: finalTransforms took 104.2771ms
[debug]   Load.apply: config.delegates took 11.8674ms
[debug]   Load.apply: Def.make(settings)... took 4556.1131ms
[debug]   Load.apply: structureIndex took 174.7571ms
[debug]   Load.apply: mkStreams took 2.4831ms
[info] loading global plugins from C:\Users\user\.sbt\1.0\plugins
[debug] Running task... Cancel: Signal, check cycles: false, forcegc: true
[debug] Load.defaultLoad until apply took 8562.5549ms
[debug]           Load.loadUnit: plugins took 75.3809ms
[debug]           Load.loadUnit: defsScala took 0.004ms
[debug] [Loading] Scanning directory C:\Users\user\Desktop\Scala_Backend\Akka_intro\project
[debug]             Load.loadUnit: mkEval took 13.5256ms
[debug] [Loading] Found non-root projects 
[debug] [Loading] Done in C:\Users\user\Desktop\Scala_Backend\Akka_intro\project, returning: ()
[debug] deducing auto plugins based on known facts Set(Atom(sbt.plugins.CorePlugin)) and clauses Clauses(List(Clause(Atom(sbt.plugins.JvmPlugin),Set(Atom(sbt.plugins.IvyPlugin))), Clause(Atom(sbt.ScriptedPlugin),Set(Atom(sbt.plugins.JvmPlugin))), Clause(Atom(sbt.plugins.SbtPlugin),Set(Atom(sbt.ScriptedPlugin))), Clause(Atom(sbt.plugins.SemanticdbPlugin),Set(Atom(sbt.plugins.JvmPlugin))), Clause(Atom(sbt.plugins.JUnitXmlReportPlugin),Set(Atom(sbt.plugins.JvmPlugin))), Clause(Atom(sbt.plugins.MiniDependencyTreePlugin),Set(Atom(sbt.plugins.JvmPlugin))), Clause(Atom(sbt.plugins.CorePlugin),Set(Atom(sbt.plugins.IvyPlugin))), Clause(Atom(sbt.plugins.IvyPlugin),Set(Atom(sbt.plugins.JvmPlugin))), Clause(Atom(sbt.plugins.JvmPlugin),Set(Atom(sbt.plugins.SemanticdbPlugin))), Clause(Atom(sbt.plugins.JvmPlugin),Set(Atom(sbt.plugins.JUnitXmlReportPlugin))), Clause(Atom(sbt.plugins.CorePlugin),Set(Atom(sbt.plugins.Giter8TemplatePlugin))), Clause(Atom(sbt.plugins.JvmPlugin),Set(Atom(sbt.plugins.MiniDependencyTreePlugin)))))
[debug]   :: deduced result: Matched(sbt.plugins.CorePlugin,sbt.plugins.Giter8TemplatePlugin,sbt.plugins.IvyPlugin,sbt.plugins.JvmPlugin,sbt.plugins.MiniDependencyTreePlugin,sbt.plugins.JUnitXmlReportPlugin,sbt.plugins.SemanticdbPlugin)
[debug] Plugins.deducer#function took 3.1263 ms
[info] loading settings for project akka_intro-build from idea.sbt ...
[debug]               Load.resolveProject(akka_intro-build) took 5.0332ms
[debug]             Load.loadTransitive: finalizeProject(Project(id akka_intro-build, base: C:\Users\user\Desktop\Scala_Backend\Akka_intro\project, plugins: List(<none>))) took 9.2696ms
[debug] [Loading] Done in C:\Users\user\Desktop\Scala_Backend\Akka_intro\project, returning: (akka_intro-build)
[debug]           Load.loadUnit: loadedProjectsRaw took 5489.6321ms
[debug]           Load.loadUnit: cleanEvalClasses took 14.5319ms
[debug]         Load.loadUnit(file:/C:/Users/user/Desktop/Scala_Backend/Akka_intro/project/, ...) took 5581.0581ms
[debug]       Load.apply: load took 5584.2421ms
[debug]       Load.apply: resolveProjects took 0.1886ms
[debug]       Load.apply: finalTransforms took 19.3994ms
[debug]       Load.apply: config.delegates took 0.6908ms
[debug]       Load.apply: Def.make(settings)... took 213.8989ms
[debug]       Load.apply: structureIndex took 52.1963ms
[debug]       Load.apply: mkStreams took 0.005ms
[info] loading project definition from C:\Users\user\Desktop\Scala_Backend\Akka_intro\project
[debug] Running task... Cancel: Signal, check cycles: false, forcegc: true
[debug]     Load.loadUnit: plugins took 11269.7978ms
[debug]     Load.loadUnit: defsScala took 0.0033ms
[debug] [Loading] Scanning directory C:\Users\user\Desktop\Scala_Backend\Akka_intro
[debug]       Load.loadUnit: mkEval took 0.4825ms
[debug] [Loading] Found non-root projects 
[debug] [Loading] Done in C:\Users\user\Desktop\Scala_Backend\Akka_intro, returning: ()
[debug] deducing auto plugins based on known facts Set(Atom(sbt.plugins.CorePlugin)) and clauses Clauses(List(Clause(Atom(sbt.plugins.JvmPlugin),Set(Atom(sbt.plugins.IvyPlugin))), Clause(Atom(sbt.ScriptedPlugin),Set(Atom(sbt.plugins.JvmPlugin))), Clause(Atom(sbt.plugins.SbtPlugin),Set(Atom(sbt.ScriptedPlugin))), Clause(Atom(sbt.plugins.SemanticdbPlugin),Set(Atom(sbt.plugins.JvmPlugin))), Clause(Atom(sbt.plugins.JUnitXmlReportPlugin),Set(Atom(sbt.plugins.JvmPlugin))), Clause(Atom(sbt.plugins.MiniDependencyTreePlugin),Set(Atom(sbt.plugins.JvmPlugin))), Clause(Atom(org.jetbrains.sbt.StructurePlugin),Set(Atom(sbt.plugins.JvmPlugin))), Clause(Atom(org.jetbrains.sbt.IdeaShellPlugin),Set(Atom(sbt.plugins.JvmPlugin))), Clause(Atom(org.jetbrains.sbt.indices.SbtIntellijIndicesPlugin),Set(Atom(sbt.plugins.JvmPlugin))), Clause(Atom(sbt.plugins.CorePlugin),Set(Atom(sbt.plugins.IvyPlugin))), Clause(Atom(sbt.plugins.IvyPlugin),Set(Atom(sbt.plugins.JvmPlugin))), Clause(Atom(sbt.plugins.JvmPlugin),Set(Atom(sbt.plugins.SemanticdbPlugin))), Clause(Atom(sbt.plugins.JvmPlugin),Set(Atom(sbt.plugins.JUnitXmlReportPlugin))), Clause(Atom(sbt.plugins.CorePlugin),Set(Atom(sbt.plugins.Giter8TemplatePlugin))), Clause(Atom(sbt.plugins.JvmPlugin),Set(Atom(sbt.plugins.MiniDependencyTreePlugin))), Clause(Atom(sbt.plugins.JvmPlugin),Set(Atom(org.jetbrains.sbt.StructurePlugin))), Clause(Atom(sbt.plugins.JvmPlugin),Set(Atom(org.jetbrains.sbt.IdeaShellPlugin))), Clause(And(Set(Atom(sbt.plugins.CorePlugin), Atom(sbt.plugins.JvmPlugin))),Set(Atom(org.jetbrains.sbt.indices.SbtIntellijIndicesPlugin)))))
[debug]   :: deduced result: Matched(sbt.plugins.CorePlugin,sbt.plugins.Giter8TemplatePlugin,sbt.plugins.IvyPlugin,sbt.plugins.JvmPlugin,sbt.plugins.SemanticdbPlugin,org.jetbrains.sbt.indices.SbtIntellijIndicesPlugin,sbt.plugins.JUnitXmlReportPlugin,org.jetbrains.sbt.IdeaShellPlugin,org.jetbrains.sbt.StructurePlugin,sbt.plugins.MiniDependencyTreePlugin)
[debug] Plugins.deducer#function took 3.0595 ms
[info] loading settings for project akka_intro from build.sbt ...
[debug]         Load.resolveProject(akka_intro) took 57.4596ms
[debug]       Load.loadTransitive: finalizeProject(Project(id akka_intro, base: C:\Users\user\Desktop\Scala_Backend\Akka_intro, plugins: List(<none>))) took 62.387ms
[debug] [Loading] Done in C:\Users\user\Desktop\Scala_Backend\Akka_intro, returning: (akka_intro)
[debug]     Load.loadUnit: loadedProjectsRaw took 2216.8836ms
[debug]     Load.loadUnit: cleanEvalClasses took 90.4794ms
[debug]   Load.loadUnit(file:/C:/Users/user/Desktop/Scala_Backend/Akka_intro/, ...) took 13578.3479ms
[debug] Load.apply: load took 13582.3828ms
[debug] Load.apply: resolveProjects took 0.1661ms
[debug] Load.apply: finalTransforms took 39.0782ms
[debug] Load.apply: config.delegates took 0.6311ms
[debug] Load.apply: Def.make(settings)... took 105.0635ms
[debug] Load.apply: structureIndex took 28.7618ms
[debug] Load.apply: mkStreams took 0.0026ms
[info] set current project to Akka_intro (in build file:/C:/Users/user/Desktop/Scala_Backend/Akka_intro/)
[debug] > Exec(sbtPopOnFailure, None, None)
[debug] > Exec(resumeFromFailure, None, None)
[debug] > Exec(notifyUsersAboutShell, None, None)
[debug] > Exec(iflast shell, None, None)
[debug] > Exec(; set ideaPort in Global := 56342 ; idea-shell, None, None)
[debug] > Exec(set ideaPort in Global := 56342, None, None)
[info] Defining Global / ideaPort
[info] The new value will be used by Compile / compile, Test / compile
[debug] Defining 
[debug] 	Global / ideaPort
[debug] 
[debug] The new value will be used by 
[debug] 	Compile / compile
[debug] 	Test / compile
[info] Reapplying settings...
[info] set current project to Akka_intro (in build file:/C:/Users/user/Desktop/Scala_Backend/Akka_intro/)
[debug] > Exec(idea-shell, None, None)
