[debug] > Exec(run, None, None)
[debug] Evaluating tasks: Compile / run
[debug] Running task... Cancel: Signal, check cycles: false, forcegc: true
[info] compiling 3 Scala sources to C:\Users\user\Desktop\Scala_Backend\Akka_calculator\target\scala-2.13\classes ...
[error] C:\Users\user\Desktop\Scala_Backend\Akka_calculator\src\main\scala\HelloWorld.scala:52:1: expected class or object definition
[error] val system: ActorSystem[HelloWorldMain.SayHello] =
[error] ^
[error] C:\Users\user\Desktop\Scala_Backend\Akka_calculator\src\main\scala\HelloWorld.scala:55:1: expected class or object definition
[error] system ! HelloWorldMain.SayHello("World")
[error] ^
[error] C:\Users\user\Desktop\Scala_Backend\Akka_calculator\src\main\scala\HelloWorld.scala:56:1: expected class or object definition
[error] system ! HelloWorldMain.SayHello("Akka")
[error] ^
[error] three errors found
[error] Compilation failed
[error] 	at xsbt.CachedCompiler0.handleErrors(CompilerBridge.scala:183)
[error] 	at xsbt.CachedCompiler0.run(CompilerBridge.scala:172)
[error] 	at xsbt.CachedCompiler0.run(CompilerBridge.scala:134)
[error] 	at xsbt.CompilerBridge.run(CompilerBridge.scala:39)
[error] 	at sbt.internal.inc.AnalyzingCompiler.compile(AnalyzingCompiler.scala:92)
[error] 	at sbt.internal.inc.MixedAnalyzingCompiler.$anonfun$compile$7(MixedAnalyzingCompiler.scala:185)
[error] 	at scala.runtime.java8.JFunction0$mcV$sp.apply(JFunction0$mcV$sp.java:23)
[error] 	at sbt.internal.inc.MixedAnalyzingCompiler.timed(MixedAnalyzingCompiler.scala:240)
[error] 	at sbt.internal.inc.MixedAnalyzingCompiler.$anonfun$compile$4(MixedAnalyzingCompiler.scala:175)
[error] 	at sbt.internal.inc.MixedAnalyzingCompiler.$anonfun$compile$4$adapted(MixedAnalyzingCompiler.scala:156)
[error] 	at sbt.internal.inc.JarUtils$.withPreviousJar(JarUtils.scala:232)
[error] 	at sbt.internal.inc.MixedAnalyzingCompiler.compileScala$1(MixedAnalyzingCompiler.scala:156)
[error] 	at sbt.internal.inc.MixedAnalyzingCompiler.compile(MixedAnalyzingCompiler.scala:203)
[error] 	at sbt.internal.inc.IncrementalCompilerImpl.$anonfun$compileInternal$1(IncrementalCompilerImpl.scala:571)
[error] 	at sbt.internal.inc.IncrementalCompilerImpl.$anonfun$compileInternal$1$adapted(IncrementalCompilerImpl.scala:571)
[error] 	at sbt.internal.inc.Incremental$.$anonfun$apply$5(Incremental.scala:174)
[error] 	at sbt.internal.inc.Incremental$.$anonfun$apply$5$adapted(Incremental.scala:172)
[error] 	at sbt.internal.inc.Incremental$$anon$2.run(Incremental.scala:459)
[error] 	at sbt.internal.inc.IncrementalCommon$CycleState.next(IncrementalCommon.scala:116)
[error] 	at sbt.internal.inc.IncrementalCommon$$anon$1.next(IncrementalCommon.scala:56)
[error] 	at sbt.internal.inc.IncrementalCommon$$anon$1.next(IncrementalCommon.scala:52)
[error] 	at sbt.internal.inc.IncrementalCommon.cycle(IncrementalCommon.scala:261)
[error] 	at sbt.internal.inc.Incremental$.$anonfun$incrementalCompile$8(Incremental.scala:414)
[error] 	at sbt.internal.inc.Incremental$.withClassfileManager(Incremental.scala:499)
[error] 	at sbt.internal.inc.Incremental$.incrementalCompile(Incremental.scala:401)
[error] 	at sbt.internal.inc.Incremental$.apply(Incremental.scala:166)
[error] 	at sbt.internal.inc.IncrementalCompilerImpl.compileInternal(IncrementalCompilerImpl.scala:571)
[error] 	at sbt.internal.inc.IncrementalCompilerImpl.$anonfun$compileIncrementally$1(IncrementalCompilerImpl.scala:489)
[error] 	at sbt.internal.inc.IncrementalCompilerImpl.handleCompilationError(IncrementalCompilerImpl.scala:332)
[error] 	at sbt.internal.inc.IncrementalCompilerImpl.compileIncrementally(IncrementalCompilerImpl.scala:419)
[error] 	at sbt.internal.inc.IncrementalCompilerImpl.compile(IncrementalCompilerImpl.scala:137)
[error] 	at sbt.Defaults$.compileIncrementalTaskImpl(Defaults.scala:2139)
[error] 	at sbt.Defaults$.$anonfun$compileIncrementalTask$2(Defaults.scala:2099)
[error] 	at sbt.internal.io.Retry$.apply(Retry.scala:40)
[error] 	at sbt.internal.io.Retry$.apply(Retry.scala:23)
[error] 	at sbt.internal.server.BspCompileTask$.compute(BspCompileTask.scala:31)
[error] 	at sbt.Defaults$.$anonfun$compileIncrementalTask$1(Defaults.scala:2096)
[error] 	at scala.Function1.$anonfun$compose$1(Function1.scala:49)
[error] 	at sbt.internal.util.$tilde$greater.$anonfun$$u2219$1(TypeFunctions.scala:62)
[error] 	at sbt.std.Transform$$anon$4.work(Transform.scala:68)
[error] 	at sbt.Execute.$anonfun$submit$2(Execute.scala:282)
[error] 	at sbt.internal.util.ErrorHandling$.wideConvert(ErrorHandling.scala:23)
[error] 	at sbt.Execute.work(Execute.scala:291)
[error] 	at sbt.Execute.$anonfun$submit$1(Execute.scala:282)
[error] 	at sbt.ConcurrentRestrictions$$anon$4.$anonfun$submitValid$1(ConcurrentRestrictions.scala:265)
[error] 	at sbt.CompletionService$$anon$2.call(CompletionService.scala:64)
[error] 	at java.base/java.util.concurrent.FutureTask.run(FutureTask.java:264)
[error] 	at java.base/java.util.concurrent.Executors$RunnableAdapter.call(Executors.java:515)
[error] 	at java.base/java.util.concurrent.FutureTask.run(FutureTask.java:264)
[error] 	at java.base/java.util.concurrent.ThreadPoolExecutor.runWorker(ThreadPoolExecutor.java:1130)
[error] 	at java.base/java.util.concurrent.ThreadPoolExecutor$Worker.run(ThreadPoolExecutor.java:630)
[error] 	at java.base/java.lang.Thread.run(Thread.java:832)
[error] (Compile / compileIncremental) Compilation failed
[error] Total time: 2 s, completed 19 окт. 2020 г., 18:19:38
[debug] > Exec(idea-shell, None, None)
[debug] > Exec(, None, None)
[debug] > Exec(idea-shell, None, None)
[debug] > Exec(, None, None)
[debug] > Exec(idea-shell, None, None)
[debug] > Exec(, None, None)
[debug] > Exec(idea-shell, None, None)
