[debug] > Exec(early(addDefaultCommands), None, None)
[debug] > Exec(addDefaultCommands, None, None)
[debug] > Exec(early(initialize), None, None)
[debug] > Exec(initialize, None, None)
[debug] > Exec(early(addPluginSbtFile="""C:\Users\user\AppData\Local\Temp\idea4.sbt"""), None, None)
[debug] > Exec(addPluginSbtFile="""C:\Users\user\AppData\Local\Temp\idea4.sbt""", None, None)
[debug] > Exec(boot, None, None)
[debug] > Exec(writeSbtVersion, None, None)
[debug] > Exec(reload, None, None)
[debug] > Exec(sbtStashOnFailure, None, None)
[debug] > Exec(onFailure loadFailed, None, None)
[debug] > Exec(loadp, None, None)
[info] welcome to sbt 1.4.1 (Oracle Corporation Java 14.0.2)
[debug]       Load.loadUnit: plugins took 130.8297ms
[debug]       Load.loadUnit: defsScala took 0.2253ms
[debug] [Loading] Scanning directory C:\Users\user\.sbt\1.0\plugins
[debug] [Loading] Found non-root projects 
[debug] [Loading] Done in C:\Users\user\.sbt\1.0\plugins, returning: ()
[debug] deducing auto plugins based on known facts Set(Atom(sbt.plugins.CorePlugin)) and clauses Clauses(List(Clause(Atom(sbt.plugins.JvmPlugin),Set(Atom(sbt.plugins.IvyPlugin))), Clause(Atom(sbt.ScriptedPlugin),Set(Atom(sbt.plugins.JvmPlugin))), Clause(Atom(sbt.plugins.SbtPlugin),Set(Atom(sbt.ScriptedPlugin))), Clause(Atom(sbt.plugins.SemanticdbPlugin),Set(Atom(sbt.plugins.JvmPlugin))), Clause(Atom(sbt.plugins.JUnitXmlReportPlugin),Set(Atom(sbt.plugins.JvmPlugin))), Clause(Atom(sbt.plugins.MiniDependencyTreePlugin),Set(Atom(sbt.plugins.JvmPlugin))), Clause(Atom(sbt.plugins.CorePlugin),Set(Atom(sbt.plugins.IvyPlugin))), Clause(Atom(sbt.plugins.IvyPlugin),Set(Atom(sbt.plugins.JvmPlugin))), Clause(Atom(sbt.plugins.JvmPlugin),Set(Atom(sbt.plugins.SemanticdbPlugin))), Clause(Atom(sbt.plugins.JvmPlugin),Set(Atom(sbt.plugins.JUnitXmlReportPlugin))), Clause(Atom(sbt.plugins.CorePlugin),Set(Atom(sbt.plugins.Giter8TemplatePlugin))), Clause(Atom(sbt.plugins.JvmPlugin),Set(Atom(sbt.plugins.MiniDependencyTreePlugin)))))
[debug]   :: deduced result: Matched(sbt.plugins.CorePlugin,sbt.plugins.Giter8TemplatePlugin,sbt.plugins.IvyPlugin,sbt.plugins.JvmPlugin,sbt.plugins.MiniDependencyTreePlugin,sbt.plugins.JUnitXmlReportPlugin,sbt.plugins.SemanticdbPlugin)
[debug] Plugins.deducer#function took 25.2023 ms
[debug]           Load.resolveProject(global-plugins) took 45.2072ms
[debug]         Load.loadTransitive: finalizeProject(Project(id global-plugins, base: C:\Users\user\.sbt\1.0\plugins, plugins: List(<none>))) took 92.7313ms
[debug] [Loading] Done in C:\Users\user\.sbt\1.0\plugins, returning: (global-plugins)
[debug]       Load.loadUnit: loadedProjectsRaw took 113.6852ms
[debug]       Load.loadUnit: cleanEvalClasses took 0.3192ms
[debug]     Load.loadUnit(file:/C:/Users/user/.sbt/1.0/plugins/, ...) took 253.7084ms
[debug]   Load.apply: load took 1717.6697ms
[debug]   Load.apply: resolveProjects took 7.3363ms
[debug]   Load.apply: finalTransforms took 63.2925ms
[debug]   Load.apply: config.delegates took 8.8421ms
[debug]   Load.apply: Def.make(settings)... took 935.5185ms
[debug]   Load.apply: structureIndex took 159.6689ms
[debug]   Load.apply: mkStreams took 2.5297ms
[info] loading global plugins from C:\Users\user\.sbt\1.0\plugins
[debug] Running task... Cancel: Signal, check cycles: false, forcegc: true
[debug] Load.defaultLoad until apply took 4599.251ms
[debug]           Load.loadUnit: plugins took 46.3723ms
[debug]           Load.loadUnit: defsScala took 0.0034ms
[debug] [Loading] Scanning directory C:\Users\user\Desktop\KBTU 3-1\Scala_Backend\SIS9\project
[debug]             Load.loadUnit: mkEval took 4.3585ms
[debug] [Loading] Found non-root projects 
[debug] [Loading] Done in C:\Users\user\Desktop\KBTU 3-1\Scala_Backend\SIS9\project, returning: ()
[debug] deducing auto plugins based on known facts Set(Atom(sbt.plugins.CorePlugin)) and clauses Clauses(List(Clause(Atom(sbt.plugins.JvmPlugin),Set(Atom(sbt.plugins.IvyPlugin))), Clause(Atom(sbt.ScriptedPlugin),Set(Atom(sbt.plugins.JvmPlugin))), Clause(Atom(sbt.plugins.SbtPlugin),Set(Atom(sbt.ScriptedPlugin))), Clause(Atom(sbt.plugins.SemanticdbPlugin),Set(Atom(sbt.plugins.JvmPlugin))), Clause(Atom(sbt.plugins.JUnitXmlReportPlugin),Set(Atom(sbt.plugins.JvmPlugin))), Clause(Atom(sbt.plugins.MiniDependencyTreePlugin),Set(Atom(sbt.plugins.JvmPlugin))), Clause(Atom(sbt.plugins.CorePlugin),Set(Atom(sbt.plugins.IvyPlugin))), Clause(Atom(sbt.plugins.IvyPlugin),Set(Atom(sbt.plugins.JvmPlugin))), Clause(Atom(sbt.plugins.JvmPlugin),Set(Atom(sbt.plugins.SemanticdbPlugin))), Clause(Atom(sbt.plugins.JvmPlugin),Set(Atom(sbt.plugins.JUnitXmlReportPlugin))), Clause(Atom(sbt.plugins.CorePlugin),Set(Atom(sbt.plugins.Giter8TemplatePlugin))), Clause(Atom(sbt.plugins.JvmPlugin),Set(Atom(sbt.plugins.MiniDependencyTreePlugin)))))
[debug]   :: deduced result: Matched(sbt.plugins.CorePlugin,sbt.plugins.Giter8TemplatePlugin,sbt.plugins.IvyPlugin,sbt.plugins.JvmPlugin,sbt.plugins.MiniDependencyTreePlugin,sbt.plugins.JUnitXmlReportPlugin,sbt.plugins.SemanticdbPlugin)
[debug] Plugins.deducer#function took 2.2816 ms
[info] loading settings for project sis9-build from idea4.sbt ...
[debug]               Load.resolveProject(sis9-build) took 6.5389ms
[debug]             Load.loadTransitive: finalizeProject(Project(id sis9-build, base: C:\Users\user\Desktop\KBTU 3-1\Scala_Backend\SIS9\project, plugins: List(<none>))) took 9.3958ms
[debug] [Loading] Done in C:\Users\user\Desktop\KBTU 3-1\Scala_Backend\SIS9\project, returning: (sis9-build)
[debug]           Load.loadUnit: loadedProjectsRaw took 169.4786ms
[debug]           Load.loadUnit: cleanEvalClasses took 10.326ms
[debug]         Load.loadUnit(file:/C:/Users/user/Desktop/KBTU%203-1/Scala_Backend/SIS9/project/, ...) took 227.3369ms
[debug]       Load.apply: load took 230.0913ms
[debug]       Load.apply: resolveProjects took 0.1281ms
[debug]       Load.apply: finalTransforms took 22.9658ms
[debug]       Load.apply: config.delegates took 0.5191ms
[debug]       Load.apply: Def.make(settings)... took 159.9854ms
[debug]       Load.apply: structureIndex took 50.015ms
[debug]       Load.apply: mkStreams took 0.0028ms
[info] loading project definition from C:\Users\user\Desktop\KBTU 3-1\Scala_Backend\SIS9\project
[debug] Running task... Cancel: Signal, check cycles: false, forcegc: true
[debug]     Load.loadUnit: plugins took 861.9496ms
[debug]     Load.loadUnit: defsScala took 0.0054ms
[debug] [Loading] Scanning directory C:\Users\user\Desktop\KBTU 3-1\Scala_Backend\SIS9
[debug]       Load.loadUnit: mkEval took 0.5839ms
[debug] [Loading] Found non-root projects 
[debug] [Loading] Done in C:\Users\user\Desktop\KBTU 3-1\Scala_Backend\SIS9, returning: ()
[debug] deducing auto plugins based on known facts Set(Atom(sbt.plugins.CorePlugin)) and clauses Clauses(List(Clause(Atom(sbt.plugins.JvmPlugin),Set(Atom(sbt.plugins.IvyPlugin))), Clause(Atom(sbt.ScriptedPlugin),Set(Atom(sbt.plugins.JvmPlugin))), Clause(Atom(sbt.plugins.SbtPlugin),Set(Atom(sbt.ScriptedPlugin))), Clause(Atom(sbt.plugins.SemanticdbPlugin),Set(Atom(sbt.plugins.JvmPlugin))), Clause(Atom(sbt.plugins.JUnitXmlReportPlugin),Set(Atom(sbt.plugins.JvmPlugin))), Clause(Atom(sbt.plugins.MiniDependencyTreePlugin),Set(Atom(sbt.plugins.JvmPlugin))), Clause(Atom(org.jetbrains.sbt.StructurePlugin),Set(Atom(sbt.plugins.JvmPlugin))), Clause(Atom(org.jetbrains.sbt.IdeaShellPlugin),Set(Atom(sbt.plugins.JvmPlugin))), Clause(Atom(org.jetbrains.sbt.indices.SbtIntellijIndicesPlugin),Set(Atom(sbt.plugins.JvmPlugin))), Clause(Atom(sbt.plugins.CorePlugin),Set(Atom(sbt.plugins.IvyPlugin))), Clause(Atom(sbt.plugins.IvyPlugin),Set(Atom(sbt.plugins.JvmPlugin))), Clause(Atom(sbt.plugins.JvmPlugin),Set(Atom(sbt.plugins.SemanticdbPlugin))), Clause(Atom(sbt.plugins.JvmPlugin),Set(Atom(sbt.plugins.JUnitXmlReportPlugin))), Clause(Atom(sbt.plugins.CorePlugin),Set(Atom(sbt.plugins.Giter8TemplatePlugin))), Clause(Atom(sbt.plugins.JvmPlugin),Set(Atom(sbt.plugins.MiniDependencyTreePlugin))), Clause(Atom(sbt.plugins.JvmPlugin),Set(Atom(org.jetbrains.sbt.StructurePlugin))), Clause(Atom(sbt.plugins.JvmPlugin),Set(Atom(org.jetbrains.sbt.IdeaShellPlugin))), Clause(And(Set(Atom(sbt.plugins.CorePlugin), Atom(sbt.plugins.JvmPlugin))),Set(Atom(org.jetbrains.sbt.indices.SbtIntellijIndicesPlugin)))))
[debug]   :: deduced result: Matched(sbt.plugins.CorePlugin,sbt.plugins.Giter8TemplatePlugin,sbt.plugins.IvyPlugin,sbt.plugins.JvmPlugin,sbt.plugins.SemanticdbPlugin,org.jetbrains.sbt.indices.SbtIntellijIndicesPlugin,sbt.plugins.JUnitXmlReportPlugin,org.jetbrains.sbt.IdeaShellPlugin,org.jetbrains.sbt.StructurePlugin,sbt.plugins.MiniDependencyTreePlugin)
[debug] Plugins.deducer#function took 3.0289 ms
[info] loading settings for project sis9 from build.sbt ...
[debug]         Load.resolveProject(sis9) took 33.4533ms
[debug]       Load.loadTransitive: finalizeProject(Project(id sis9, base: C:\Users\user\Desktop\KBTU 3-1\Scala_Backend\SIS9, plugins: List(<none>))) took 38.0285ms
[debug] [Loading] Done in C:\Users\user\Desktop\KBTU 3-1\Scala_Backend\SIS9, returning: (sis9)
[debug]     Load.loadUnit: loadedProjectsRaw took 210.4585ms
[debug]     Load.loadUnit: cleanEvalClasses took 51.4401ms
[debug]   Load.loadUnit(file:/C:/Users/user/Desktop/KBTU%203-1/Scala_Backend/SIS9/, ...) took 1126.188ms
[debug] Load.apply: load took 1129.8433ms
[debug] Load.apply: resolveProjects took 0.1501ms
[debug] Load.apply: finalTransforms took 62.551ms
[debug] Load.apply: config.delegates took 0.9953ms
[debug] Load.apply: Def.make(settings)... took 269.8476ms
[debug] Load.apply: structureIndex took 39.6581ms
[debug] Load.apply: mkStreams took 0.0032ms
[info] set current project to SIS9 (in build file:/C:/Users/user/Desktop/KBTU%203-1/Scala_Backend/SIS9/)
[debug] > Exec(sbtPopOnFailure, None, None)
[debug] > Exec(resumeFromFailure, None, None)
[debug] > Exec(notifyUsersAboutShell, None, None)
[debug] > Exec(iflast shell, None, None)
[debug] > Exec(; set ideaPort in Global := 64897 ; idea-shell, None, None)
[debug] > Exec(set ideaPort in Global := 64897, None, None)
[info] Defining Global / ideaPort
[info] The new value will be used by Compile / compile, Test / compile
[debug] Defining 
[debug] 	Global / ideaPort
[debug] 
[debug] The new value will be used by 
[debug] 	Compile / compile
[debug] 	Test / compile
[info] Reapplying settings...
[info] set current project to SIS9 (in build file:/C:/Users/user/Desktop/KBTU%203-1/Scala_Backend/SIS9/)
[debug] > Exec(idea-shell, None, None)
